{"/home/nitin/Projects/github-users-list/app/javascript/commons/alert.js": {"path":"/home/nitin/Projects/github-users-list/app/javascript/commons/alert.js","statementMap":{"0":{"start":{"line":3,"column":14},"end":{"line":6,"column":6}},"1":{"start":{"line":3,"column":20},"end":{"line":6,"column":6}}},"fnMap":{"0":{"name":"(anonymous_0)","decl":{"start":{"line":3,"column":14},"end":{"line":3,"column":15}},"loc":{"start":{"line":3,"column":20},"end":{"line":6,"column":6}}}},"branchMap":{},"s":{"0":1,"1":0},"f":{"0":0},"b":{},"_coverageSchema":"332fd63041d2c1bcb487cc26dd0d5f7d97098a6c","hash":"904657b83c02b4abea50d5352db7eb5c2d844882"}
,"/home/nitin/Projects/github-users-list/app/javascript/commons/loader.js": {"path":"/home/nitin/Projects/github-users-list/app/javascript/commons/loader.js","statementMap":{"0":{"start":{"line":5,"column":8},"end":{"line":7,"column":15}}},"fnMap":{"0":{"name":"(anonymous_0)","decl":{"start":{"line":4,"column":4},"end":{"line":4,"column":5}},"loc":{"start":{"line":4,"column":13},"end":{"line":8,"column":5}}}},"branchMap":{},"s":{"0":2},"f":{"0":2},"b":{},"_coverageSchema":"332fd63041d2c1bcb487cc26dd0d5f7d97098a6c","hash":"2869e3e5dec8538d21715955f6d580ebf00c0e3c"}
,"/home/nitin/Projects/github-users-list/app/javascript/commons/tableHeader.js": {"path":"/home/nitin/Projects/github-users-list/app/javascript/commons/tableHeader.js","statementMap":{"0":{"start":{"line":5,"column":8},"end":{"line":11,"column":18}},"1":{"start":{"line":8,"column":20},"end":{"line":8,"column":57}}},"fnMap":{"0":{"name":"(anonymous_0)","decl":{"start":{"line":4,"column":4},"end":{"line":4,"column":5}},"loc":{"start":{"line":4,"column":13},"end":{"line":12,"column":5}}},"1":{"name":"(anonymous_1)","decl":{"start":{"line":7,"column":40},"end":{"line":7,"column":41}},"loc":{"start":{"line":7,"column":57},"end":{"line":9,"column":17}}}},"branchMap":{},"s":{"0":2,"1":8},"f":{"0":2,"1":8},"b":{},"_coverageSchema":"332fd63041d2c1bcb487cc26dd0d5f7d97098a6c","hash":"28027f1c7a7f47eb95bd97c4e56cb93132561904"}
,"/home/nitin/Projects/github-users-list/app/javascript/constants/app-constant.js": {"path":"/home/nitin/Projects/github-users-list/app/javascript/constants/app-constant.js","statementMap":{"0":{"start":{"line":1,"column":18},"end":{"line":396,"column":1}}},"fnMap":{},"branchMap":{},"s":{"0":1},"f":{},"b":{},"_coverageSchema":"332fd63041d2c1bcb487cc26dd0d5f7d97098a6c","hash":"376cdaca571a27e2d639a34f957bbb606559558f"}
,"/home/nitin/Projects/github-users-list/app/javascript/constants/ui-messages.js": {"path":"/home/nitin/Projects/github-users-list/app/javascript/constants/ui-messages.js","statementMap":{"0":{"start":{"line":1,"column":20},"end":{"line":7,"column":1}}},"fnMap":{},"branchMap":{},"s":{"0":1},"f":{},"b":{},"_coverageSchema":"332fd63041d2c1bcb487cc26dd0d5f7d97098a6c","hash":"18b7a2539e85c15524c875257ed90711d39876a8"}
,"/home/nitin/Projects/github-users-list/app/javascript/mixins/restutils.js": {"path":"/home/nitin/Projects/github-users-list/app/javascript/mixins/restutils.js","statementMap":{"0":{"start":{"line":1,"column":11},"end":{"line":34,"column":4}},"1":{"start":{"line":3,"column":26},"end":{"line":3,"column":62}},"2":{"start":{"line":3,"column":37},"end":{"line":3,"column":62}},"3":{"start":{"line":5,"column":4},"end":{"line":33,"column":6}},"4":{"start":{"line":13,"column":12},"end":{"line":31,"column":15}},"5":{"start":{"line":14,"column":29},"end":{"line":25,"column":17}},"6":{"start":{"line":21,"column":24},"end":{"line":21,"column":39}},"7":{"start":{"line":22,"column":24},"end":{"line":22,"column":50}},"8":{"start":{"line":24,"column":36},"end":{"line":24,"column":79}},"9":{"start":{"line":26,"column":16},"end":{"line":28,"column":17}},"10":{"start":{"line":27,"column":20},"end":{"line":27,"column":44}},"11":{"start":{"line":29,"column":16},"end":{"line":29,"column":43}},"12":{"start":{"line":30,"column":16},"end":{"line":30,"column":31}}},"fnMap":{"0":{"name":"(anonymous_0)","decl":{"start":{"line":1,"column":12},"end":{"line":1,"column":13}},"loc":{"start":{"line":1,"column":24},"end":{"line":34,"column":1}}},"1":{"name":"(anonymous_1)","decl":{"start":{"line":3,"column":26},"end":{"line":3,"column":27}},"loc":{"start":{"line":3,"column":37},"end":{"line":3,"column":62}}},"2":{"name":"(anonymous_2)","decl":{"start":{"line":12,"column":21},"end":{"line":12,"column":22}},"loc":{"start":{"line":12,"column":49},"end":{"line":32,"column":9}}},"3":{"name":"resolver","decl":{"start":{"line":13,"column":40},"end":{"line":13,"column":48}},"loc":{"start":{"line":13,"column":66},"end":{"line":31,"column":13}}},"4":{"name":"(anonymous_4)","decl":{"start":{"line":20,"column":29},"end":{"line":20,"column":30}},"loc":{"start":{"line":20,"column":41},"end":{"line":23,"column":21}}},"5":{"name":"(anonymous_5)","decl":{"start":{"line":24,"column":27},"end":{"line":24,"column":28}},"loc":{"start":{"line":24,"column":36},"end":{"line":24,"column":79}}}},"branchMap":{"0":{"loc":{"start":{"line":15,"column":26},"end":{"line":15,"column":39}},"type":"binary-expr","locations":[{"start":{"line":15,"column":26},"end":{"line":15,"column":30}},{"start":{"line":15,"column":34},"end":{"line":15,"column":39}}]},"1":{"loc":{"start":{"line":16,"column":26},"end":{"line":16,"column":43}},"type":"binary-expr","locations":[{"start":{"line":16,"column":26},"end":{"line":16,"column":37}},{"start":{"line":16,"column":41},"end":{"line":16,"column":43}}]},"2":{"loc":{"start":{"line":24,"column":36},"end":{"line":24,"column":79}},"type":"cond-expr","locations":[{"start":{"line":24,"column":45},"end":{"line":24,"column":56}},{"start":{"line":24,"column":59},"end":{"line":24,"column":79}}]},"3":{"loc":{"start":{"line":26,"column":16},"end":{"line":28,"column":17}},"type":"if","locations":[{"start":{"line":26,"column":16},"end":{"line":28,"column":17}},{"start":{"line":26,"column":16},"end":{"line":28,"column":17}}]}},"s":{"0":1,"1":1,"2":0,"3":1,"4":2,"5":2,"6":0,"7":0,"8":0,"9":2,"10":0,"11":2,"12":0},"f":{"0":1,"1":0,"2":2,"3":2,"4":0,"5":0},"b":{"0":[2,0],"1":[2,0],"2":[0,0],"3":[0,2]},"_coverageSchema":"332fd63041d2c1bcb487cc26dd0d5f7d97098a6c","hash":"a0a88c6a03733093e77637082a2bf41a063ae25f"}
,"/home/nitin/Projects/github-users-list/app/javascript/mixins/ui.js": {"path":"/home/nitin/Projects/github-users-list/app/javascript/mixins/ui.js","statementMap":{"0":{"start":{"line":3,"column":9},"end":{"line":16,"column":1}},"1":{"start":{"line":5,"column":23},"end":{"line":5,"column":43}},"2":{"start":{"line":6,"column":20},"end":{"line":6,"column":35}},"3":{"start":{"line":7,"column":24},"end":{"line":7,"column":69}},"4":{"start":{"line":8,"column":8},"end":{"line":8,"column":63}},"5":{"start":{"line":9,"column":8},"end":{"line":9,"column":37}},"6":{"start":{"line":10,"column":8},"end":{"line":10,"column":41}},"7":{"start":{"line":11,"column":8},"end":{"line":14,"column":44}},"8":{"start":{"line":12,"column":12},"end":{"line":12,"column":44}},"9":{"start":{"line":13,"column":12},"end":{"line":13,"column":44}}},"fnMap":{"0":{"name":"(anonymous_0)","decl":{"start":{"line":4,"column":12},"end":{"line":4,"column":13}},"loc":{"start":{"line":4,"column":43},"end":{"line":15,"column":5}}},"1":{"name":"(anonymous_1)","decl":{"start":{"line":11,"column":19},"end":{"line":11,"column":20}},"loc":{"start":{"line":11,"column":25},"end":{"line":14,"column":9}}}},"branchMap":{"0":{"loc":{"start":{"line":7,"column":24},"end":{"line":7,"column":69}},"type":"binary-expr","locations":[{"start":{"line":7,"column":24},"end":{"line":7,"column":45}},{"start":{"line":7,"column":49},"end":{"line":7,"column":69}}]},"1":{"loc":{"start":{"line":14,"column":11},"end":{"line":14,"column":42}},"type":"binary-expr","locations":[{"start":{"line":14,"column":11},"end":{"line":14,"column":21}},{"start":{"line":14,"column":25},"end":{"line":14,"column":42}}]}},"s":{"0":1,"1":2,"2":0,"3":0,"4":0,"5":0,"6":0,"7":0,"8":0,"9":0},"f":{"0":2,"1":0},"b":{"0":[0,0],"1":[0,0]},"_coverageSchema":"332fd63041d2c1bcb487cc26dd0d5f7d97098a6c","hash":"1ef9648b9cd8cfac9652406fd3b540390aa29c76"}
,"/home/nitin/Projects/github-users-list/app/javascript/modules/userList/components/userList.js": {"path":"/home/nitin/Projects/github-users-list/app/javascript/modules/userList/components/userList.js","statementMap":{"0":{"start":{"line":16,"column":8},"end":{"line":16,"column":21}},"1":{"start":{"line":17,"column":8},"end":{"line":17,"column":79}},"2":{"start":{"line":18,"column":8},"end":{"line":18,"column":51}},"3":{"start":{"line":22,"column":8},"end":{"line":22,"column":28}},"4":{"start":{"line":23,"column":8},"end":{"line":23,"column":66}},"5":{"start":{"line":27,"column":8},"end":{"line":27,"column":34}},"6":{"start":{"line":31,"column":8},"end":{"line":34,"column":9}},"7":{"start":{"line":32,"column":12},"end":{"line":32,"column":36}},"8":{"start":{"line":33,"column":12},"end":{"line":33,"column":52}},"9":{"start":{"line":38,"column":8},"end":{"line":46,"column":81}},"10":{"start":{"line":40,"column":16},"end":{"line":44,"column":19}},"11":{"start":{"line":46,"column":30},"end":{"line":46,"column":79}},"12":{"start":{"line":50,"column":8},"end":{"line":51,"column":48}},"13":{"start":{"line":55,"column":8},"end":{"line":61,"column":19}},"14":{"start":{"line":57,"column":16},"end":{"line":57,"column":64}},"15":{"start":{"line":65,"column":8},"end":{"line":76,"column":10}}},"fnMap":{"0":{"name":"(anonymous_0)","decl":{"start":{"line":15,"column":4},"end":{"line":15,"column":5}},"loc":{"start":{"line":15,"column":23},"end":{"line":19,"column":5}}},"1":{"name":"(anonymous_1)","decl":{"start":{"line":21,"column":4},"end":{"line":21,"column":5}},"loc":{"start":{"line":21,"column":24},"end":{"line":24,"column":5}}},"2":{"name":"(anonymous_2)","decl":{"start":{"line":26,"column":4},"end":{"line":26,"column":5}},"loc":{"start":{"line":26,"column":27},"end":{"line":28,"column":5}}},"3":{"name":"(anonymous_3)","decl":{"start":{"line":30,"column":4},"end":{"line":30,"column":5}},"loc":{"start":{"line":30,"column":22},"end":{"line":35,"column":5}}},"4":{"name":"(anonymous_4)","decl":{"start":{"line":37,"column":4},"end":{"line":37,"column":5}},"loc":{"start":{"line":37,"column":28},"end":{"line":47,"column":5}}},"5":{"name":"(anonymous_5)","decl":{"start":{"line":39,"column":18},"end":{"line":39,"column":19}},"loc":{"start":{"line":39,"column":30},"end":{"line":45,"column":13}}},"6":{"name":"(anonymous_6)","decl":{"start":{"line":46,"column":19},"end":{"line":46,"column":20}},"loc":{"start":{"line":46,"column":30},"end":{"line":46,"column":79}}},"7":{"name":"(anonymous_7)","decl":{"start":{"line":49,"column":4},"end":{"line":49,"column":5}},"loc":{"start":{"line":49,"column":33},"end":{"line":52,"column":5}}},"8":{"name":"(anonymous_8)","decl":{"start":{"line":54,"column":4},"end":{"line":54,"column":5}},"loc":{"start":{"line":54,"column":16},"end":{"line":62,"column":5}}},"9":{"name":"(anonymous_9)","decl":{"start":{"line":56,"column":33},"end":{"line":56,"column":34}},"loc":{"start":{"line":56,"column":48},"end":{"line":58,"column":13}}},"10":{"name":"(anonymous_10)","decl":{"start":{"line":64,"column":4},"end":{"line":64,"column":5}},"loc":{"start":{"line":64,"column":13},"end":{"line":77,"column":5}}}},"branchMap":{"0":{"loc":{"start":{"line":31,"column":8},"end":{"line":34,"column":9}},"type":"if","locations":[{"start":{"line":31,"column":8},"end":{"line":34,"column":9}},{"start":{"line":31,"column":8},"end":{"line":34,"column":9}}]},"1":{"loc":{"start":{"line":50,"column":15},"end":{"line":51,"column":47}},"type":"binary-expr","locations":[{"start":{"line":50,"column":15},"end":{"line":50,"column":21}},{"start":{"line":50,"column":25},"end":{"line":50,"column":38}},{"start":{"line":51,"column":12},"end":{"line":51,"column":26}},{"start":{"line":51,"column":30},"end":{"line":51,"column":47}}]},"2":{"loc":{"start":{"line":55,"column":15},"end":{"line":61,"column":18}},"type":"cond-expr","locations":[{"start":{"line":56,"column":12},"end":{"line":58,"column":14}},{"start":{"line":59,"column":13},"end":{"line":61,"column":17}}]}},"s":{"0":2,"1":2,"2":2,"3":2,"4":2,"5":0,"6":0,"7":0,"8":0,"9":2,"10":0,"11":2,"12":1,"13":2,"14":0,"15":2},"f":{"0":2,"1":2,"2":0,"3":0,"4":2,"5":0,"6":2,"7":1,"8":2,"9":0,"10":2},"b":{"0":[0,0],"1":[1,1,1,1],"2":[0,2]},"_coverageSchema":"332fd63041d2c1bcb487cc26dd0d5f7d97098a6c","hash":"af065e945e9c90e6f9272577f2870125382f4a1e"}
,"/home/nitin/Projects/github-users-list/app/javascript/modules/userList/components/userTemplate.js": {"path":"/home/nitin/Projects/github-users-list/app/javascript/modules/userList/components/userTemplate.js","statementMap":{"0":{"start":{"line":4,"column":18},"end":{"line":4,"column":43}},"1":{"start":{"line":5,"column":21},"end":{"line":5,"column":40}},"2":{"start":{"line":9,"column":8},"end":{"line":9,"column":21}},"3":{"start":{"line":13,"column":8},"end":{"line":13,"column":56}},"4":{"start":{"line":17,"column":8},"end":{"line":17,"column":42}},"5":{"start":{"line":21,"column":19},"end":{"line":21,"column":34}},"6":{"start":{"line":22,"column":8},"end":{"line":29,"column":10}}},"fnMap":{"0":{"name":"(anonymous_0)","decl":{"start":{"line":8,"column":4},"end":{"line":8,"column":5}},"loc":{"start":{"line":8,"column":23},"end":{"line":10,"column":5}}},"1":{"name":"(anonymous_1)","decl":{"start":{"line":12,"column":4},"end":{"line":12,"column":5}},"loc":{"start":{"line":12,"column":22},"end":{"line":14,"column":5}}},"2":{"name":"(anonymous_2)","decl":{"start":{"line":16,"column":4},"end":{"line":16,"column":5}},"loc":{"start":{"line":16,"column":25},"end":{"line":18,"column":5}}},"3":{"name":"(anonymous_3)","decl":{"start":{"line":20,"column":4},"end":{"line":20,"column":5}},"loc":{"start":{"line":20,"column":13},"end":{"line":30,"column":5}}}},"branchMap":{"0":{"loc":{"start":{"line":24,"column":21},"end":{"line":24,"column":36}},"type":"binary-expr","locations":[{"start":{"line":24,"column":21},"end":{"line":24,"column":25}},{"start":{"line":24,"column":29},"end":{"line":24,"column":36}}]},"1":{"loc":{"start":{"line":25,"column":45},"end":{"line":25,"column":63}},"type":"binary-expr","locations":[{"start":{"line":25,"column":45},"end":{"line":25,"column":49}},{"start":{"line":25,"column":53},"end":{"line":25,"column":63}}]},"2":{"loc":{"start":{"line":25,"column":103},"end":{"line":25,"column":121}},"type":"binary-expr","locations":[{"start":{"line":25,"column":103},"end":{"line":25,"column":107}},{"start":{"line":25,"column":111},"end":{"line":25,"column":121}}]},"3":{"loc":{"start":{"line":26,"column":45},"end":{"line":26,"column":63}},"type":"binary-expr","locations":[{"start":{"line":26,"column":45},"end":{"line":26,"column":49}},{"start":{"line":26,"column":53},"end":{"line":26,"column":63}}]},"4":{"loc":{"start":{"line":26,"column":112},"end":{"line":26,"column":135}},"type":"binary-expr","locations":[{"start":{"line":26,"column":112},"end":{"line":26,"column":116}},{"start":{"line":26,"column":120},"end":{"line":26,"column":135}}]},"5":{"loc":{"start":{"line":27,"column":42},"end":{"line":27,"column":60}},"type":"binary-expr","locations":[{"start":{"line":27,"column":42},"end":{"line":27,"column":46}},{"start":{"line":27,"column":50},"end":{"line":27,"column":60}}]},"6":{"loc":{"start":{"line":27,"column":90},"end":{"line":27,"column":112}},"type":"binary-expr","locations":[{"start":{"line":27,"column":90},"end":{"line":27,"column":94}},{"start":{"line":27,"column":98},"end":{"line":27,"column":112}}]},"7":{"loc":{"start":{"line":27,"column":135},"end":{"line":27,"column":157}},"type":"binary-expr","locations":[{"start":{"line":27,"column":135},"end":{"line":27,"column":139}},{"start":{"line":27,"column":143},"end":{"line":27,"column":157}}]}},"s":{"0":1,"1":1,"2":0,"3":0,"4":0,"5":0,"6":0},"f":{"0":0,"1":0,"2":0,"3":0},"b":{"0":[0,0],"1":[0,0],"2":[0,0],"3":[0,0],"4":[0,0],"5":[0,0],"6":[0,0],"7":[0,0]},"_coverageSchema":"332fd63041d2c1bcb487cc26dd0d5f7d97098a6c","hash":"a7d2aa1dc4c95224fbb0a7fddf40028c90bc4605"}
,"/home/nitin/Projects/github-users-list/app/javascript/services/user-service.js": {"path":"/home/nitin/Projects/github-users-list/app/javascript/services/user-service.js","statementMap":{"0":{"start":{"line":3,"column":21},"end":{"line":3,"column":46}},"1":{"start":{"line":5,"column":12},"end":{"line":7,"column":1}},"2":{"start":{"line":9,"column":22},"end":{"line":9,"column":24}},"3":{"start":{"line":11,"column":21},"end":{"line":19,"column":1}},"4":{"start":{"line":13,"column":8},"end":{"line":15,"column":33}},"5":{"start":{"line":18,"column":33},"end":{"line":18,"column":46}}},"fnMap":{"0":{"name":"(anonymous_0)","decl":{"start":{"line":12,"column":14},"end":{"line":12,"column":15}},"loc":{"start":{"line":12,"column":41},"end":{"line":16,"column":5}}},"1":{"name":"(anonymous_1)","decl":{"start":{"line":18,"column":27},"end":{"line":18,"column":28}},"loc":{"start":{"line":18,"column":33},"end":{"line":18,"column":46}}}},"branchMap":{},"s":{"0":1,"1":1,"2":1,"3":1,"4":2,"5":0},"f":{"0":2,"1":0},"b":{},"_coverageSchema":"332fd63041d2c1bcb487cc26dd0d5f7d97098a6c","hash":"dfb02e9dbb968638737f87352316f931bd2735a8"}
}
